make.exe all --print-data-base --no-builtin-variables --no-builtin-rules --question
# GNU Make 3.82.90
# Built for i686-pc-mingw32
# Copyright (C) 1988-2012 Free Software Foundation, Inc.
# License GPLv3+: GNU GPL version 3 or later <http://gnu.org/licenses/gpl.html>
# This is free software: you are free to change and redistribute it.
# There is NO WARRANTY, to the extent permitted by law.

# Make data base, printed on Mon Jul 25 21:30:44 2022

# Variables

# automatic
<D = $(patsubst %/,%,$(patsubst %\,%,$(dir $<)))
# automatic
?F = $(notdir $?)
# environment
WSLENV = WT_SESSION::WT_PROFILE_ID
# default
.SHELLFLAGS := -c
# makefile
MAKEFLAGS = Rrqp
# environment
VSCODE_LOG_NATIVE = false
# automatic
?D = $(patsubst %/,%,$(patsubst %\,%,$(dir $?)))
# automatic
@D = $(patsubst %/,%,$(patsubst %\,%,$(dir $@)))
# environment
HOMEDRIVE = C:
# automatic
@F = $(notdir $@)
# automatic
^D = $(patsubst %/,%,$(patsubst %\,%,$(dir $^)))
# makefile
CURDIR := d:/Projects/netflux
# makefile
SHELL = C:/Program Files/Git/usr/bin/sh.exe
# environment
CONFIG_SITE = C:/Program Files/Git/etc/config.site
# environment
WINDIR = C:\WINDOWS
# environment
VSCODE_NLS_CONFIG = {"locale":"en-us","availableLanguages":{},"_languagePackSupport":true}
# environment
_ = C:/Program Files/Microsoft VS Code/Code.exe
# environment
SSH_ASKPASS = C:/Program Files/Git/mingw64/bin/git-askpass.exe
# environment
NVM_HOME = C:\Users\siddh\AppData\Roaming\nvm
# environment
PATHEXT = .COM;.EXE;.BAT;.CMD;.VBS;.VBE;.JS;.JSE;.WSF;.WSH;.MSC;.PY;.PYW;.RB;.RBW
# makefile (from 'Makefile', line 1)
MAKEFILE_LIST :=  Makefile
# environment
DEBUG = WARN
# environment
TMP = C:\Users\siddh\AppData\Local\Temp
# environment
VSCODE_VERBOSE_LOGGING = true
# environment
PROGRAMW6432 = C:\Program Files
# environment
NVM_SYMLINK = C:\Program Files\nodejs
# environment
INFOPATH = C:\Program Files\Git\usr\local\info;C:\Program Files\Git\usr\share\info;C:\Program Files\Git\usr\info;C:\Program Files\Git\share\info
# environment
PROGRAMDATA = C:\ProgramData
# environment
MSYSTEM_CHOST = x86_64-w64-mingw32
# environment
VSCODE_IPC_HOOK_EXTHOST = \\.\pipe\vscode-ipc-451b4094-7f0c-4b4c-8411-aa54ff057aec-sock
# environment
VSCODE_CWD = D:\Projects\netflux
# environment
RVM_VERSION = 1.29.12 (master)
# environment
PATH = C:\Users\siddh\bin;C:\Program Files\Git\mingw64\bin;C:\Program Files\Git\usr\local\bin;C:\Program Files\Git\usr\bin;C:\Program Files\Git\usr\bin;C:\Program Files\Git\mingw64\bin;C:\Program Files\Git\usr\bin;C:\Users\siddh\bin;D:\Program Files\bin;C:\ProgramData\Oracle\Java\javapath;C:\oraclexe\app\oracle\product\11.2.0\server\bin;C:\app\siddhant\product\21c\dbhomeXE\bin;C:\Program Files (x86)\Common Files\Oracle\Java\javapath;C:\Python310\Scripts;C:\Python310;C:\Program Files (x86)\Common Files\Intel\Shared Libraries\redist\intel64\compiler;C:\Windows\system32;C:\Windows;C:\Windows\System32\Wbem;C:\Windows\System32\WindowsPowerShell\v1.0;C:\Windows\System32\OpenSSH;C:\Program Files (x86)\NVIDIA Corporation\PhysX\Common;C:\Program Files\NVIDIA Corporation\NVIDIA NvDLISR;C:\WINDOWS\system32;C:\WINDOWS;C:\WINDOWS\System32\Wbem;C:\WINDOWS\System32\WindowsPowerShell\v1.0;C:\WINDOWS\System32\OpenSSH;C:\ProgramData\chocolatey\bin;C:\Program Files\Go\bin;C:\minikube;C:\Program Files\Kubernetes\Minikube;C:\Program Files\CMake\bin;C:\Program Files\Git\cmd;C:\Program Files (x86)\GnuPG\bin;C:\Program Files\Microsoft SQL Server\Client SDK\ODBC\170\Tools\Binn;C:\Program Files (x86)\Microsoft SQL Server\150\Tools\Binn;C:\Program Files\Microsoft SQL Server\150\Tools\Binn;C:\Program Files\Microsoft SQL Server\150\DTS\Binn;C:\Program Files\Docker\Docker\resources\bin;C:\ProgramData\DockerDesktop\version-bin;C:\Users\siddh\AppData\Roaming\nvm;C:\Program Files\nodejs;C:\Program Files\Microsoft VS Code\bin;C:\Program Files\nodejs;C:\Program Files\dotnet;C:\Users\siddh\scoop\shims;C:\Ruby30-x64\bin;C:\Program Files\MySQL\MySQL Shell 8.0\bin;C:\Users\siddh\AppData\Local\Microsoft\WindowsApps;C:\Users\siddh\AppData\Local\Programs\Microsoft VS Code\bin;C:\Users\siddh\go\bin;C:\Program Files\heroku\bin;C:\Program Files\JetBrains\RubyMine 2021.3.1\bin;C:\Program Files\JetBrains\GoLand 2021.3.2\bin;C:\Program Files\JetBrains\DataGrip 2021.3.4\bin;C:\Users\siddh\AppData\Local\Programs\mongosh;C:\MinGW\bin;C:\Program Files\JetBrains\IntelliJ IDEA Community Edition 2021.3.2\bin;C:\Users\siddh\.jdks\openjdk-17.0.2\bin;C:\Users\siddh\AppData\Local\Google\Cloud SDK\google-cloud-sdk\bin;C:\Users\siddh\AppData\Roaming\npm;C:\Program Files\Java\jdk-9.0.1\bin;C:\Users\siddh\AppData\Local\gitkraken\bin;C:\Users\siddh\AppData\Local\atom\bin;C:\Program Files\Git\usr\bin\vendor_perl;C:\Program Files\Git\usr\bin\core_perl;C:\Users\siddh\.rvm\bin;C:\Users\siddh\AppData\Local\cloud-code\installer\google-cloud-sdk\bin;C:\Users\siddh\AppData\Local\Google\Cloud SDK\google-cloud-sdk\bin;C:\Program Files (x86)\Google\Cloud SDK\google-cloud-sdk\bin;C:\Program Files\Google\Cloud SDK\google-cloud-sdk\bin
# environment
COMMONPROGRAMW6432 = C:\Program Files\Common Files
# environment
LC_ALL = C
# environment
CHOCOLATEYLASTPATHUPDATE = 132827374743848931
# environment
PROCESSOR_ARCHITECTURE = x86
# environment
ONEDRIVE = C:\Users\siddh\OneDrive
# environment
USERPROFILE = C:\Users\siddh
# environment
CHOCOLATEYINSTALL = C:\ProgramData\chocolatey
# environment
MSYSTEM_CARCH = x86_64
# environment
EXEPATH = C:\Program Files\Git\bin
# environment
ALLUSERSPROFILE = C:\ProgramData
# environment
GOPATH = C:\Users\siddh\go
# environment
PLINK_PROTOCOL = ssh
# environment
MSYSTEM_PREFIX = C:/Program Files/Git/mingw64
# environment
VSCODE_LOG_STACK = false
# environment
NUMBER_OF_PROCESSORS = 16
# environment
ELECTRON_RUN_AS_NODE = 1
# environment
ORIGINAL_TEMP = C:/Users/siddh/AppData/Local/Temp
# default
.FEATURES := target-specific order-only second-expansion else-if shortest-stem undefine oneshell archives jobserver
# environment
CLOUDSDK_METRICS_ENVIRONMENT = cloudcode.vscode
# automatic
%F = $(notdir $%)
# environment
DISPLAY = needs-to-be-defined
# environment
CHROME_CRASHPAD_PIPE_NAME = \\.\pipe\crashpad_58228_KGVMGKZYSYZXUYZI
# environment
CLOUDSDK_METRICS_ENVIRONMENT_VERSION = 1.19.0
# environment
VSCODE_PIPE_LOGGING = true
# environment
ORIGINAL_PATH = C:\Program Files\Git\mingw64\bin;C:\Program Files\Git\usr\bin;C:\Users\siddh\bin;D:\Program Files\bin;C:\ProgramData\Oracle\Java\javapath;C:\oraclexe\app\oracle\product\11.2.0\server\bin;C:\app\siddhant\product\21c\dbhomeXE\bin;C:\Program Files (x86)\Common Files\Oracle\Java\javapath;C:\Python310\Scripts;C:\Python310;C:\Program Files (x86)\Common Files\Intel\Shared Libraries\redist\intel64\compiler;C:\Windows\system32;C:\Windows;C:\Windows\System32\Wbem;C:\Windows\System32\WindowsPowerShell\v1.0;C:\Windows\System32\OpenSSH;C:\Program Files (x86)\NVIDIA Corporation\PhysX\Common;C:\Program Files\NVIDIA Corporation\NVIDIA NvDLISR;C:\WINDOWS\system32;C:\WINDOWS;C:\WINDOWS\System32\Wbem;C:\WINDOWS\System32\WindowsPowerShell\v1.0;C:\WINDOWS\System32\OpenSSH;C:\ProgramData\chocolatey\bin;C:\Program Files\Go\bin;C:\minikube;C:\Program Files\Kubernetes\Minikube;C:\Program Files\CMake\bin;C:\Program Files\Git\cmd;C:\Program Files (x86)\GnuPG\bin;C:\Program Files\Microsoft SQL Server\Client SDK\ODBC\170\Tools\Binn;C:\Program Files (x86)\Microsoft SQL Server\150\Tools\Binn;C:\Program Files\Microsoft SQL Server\150\Tools\Binn;C:\Program Files\Microsoft SQL Server\150\DTS\Binn;C:\Program Files\Docker\Docker\resources\bin;C:\ProgramData\DockerDesktop\version-bin;C:\Users\siddh\AppData\Roaming\nvm;C:\Program Files\nodejs;C:\Program Files\Microsoft VS Code\bin;C:\Program Files\nodejs;C:\Program Files\dotnet;C:\Users\siddh\scoop\shims;C:\Ruby30-x64\bin;C:\Program Files\MySQL\MySQL Shell 8.0\bin;C:\Users\siddh\AppData\Local\Microsoft\WindowsApps;C:\Users\siddh\AppData\Local\Programs\Microsoft VS Code\bin;C:\Users\siddh\go\bin;C:\Program Files\heroku\bin;C:\Program Files\JetBrains\RubyMine 2021.3.1\bin;C:\Program Files\JetBrains\GoLand 2021.3.2\bin;C:\Program Files\JetBrains\DataGrip 2021.3.4\bin;C:\Users\siddh\AppData\Local\Programs\mongosh;C:\MinGW\bin;C:\Program Files\JetBrains\IntelliJ IDEA Community Edition 2021.3.2\bin;C:\Users\siddh\.jdks\openjdk-17.0.2\bin;C:\Users\siddh\AppData\Local\Google\Cloud SDK\google-cloud-sdk\bin;C:\Users\siddh\AppData\Roaming\npm;C:\Program Files\Java\jdk-9.0.1\bin;C:\Users\siddh\AppData\Local\gitkraken\bin;C:\Users\siddh\AppData\Local\atom\bin
# environment
COMPUTERNAME = SIDDHANTPRATEEK
# environment
PWD = D:/Projects/netflux
# environment
PROGRAMFILES = C:\Program Files (x86)
# environment
GOLAND = C:\Program Files\JetBrains\GoLand 2021.3.2\bin;
# environment
DRIVERDATA = C:\Windows\System32\Drivers\DriverData
# environment
ASL.LOG = Destination=file
# environment
ORIGINAL_XDG_CURRENT_DESKTOP = undefined
# environment
WT_SESSION = 69280729-1a3a-42eb-a785-f2943895c7f5
# environment
RVM_PATH = C:/Users/siddh/.rvm
# environment
USERNAME = siddhant
# environment
PUBLIC = C:\Users\Public
# environment
MANPATH = C:\Program Files\Git\mingw64\local\man;C:\Program Files\Git\mingw64\share\man;C:\Program Files\Git\usr\local\man;C:\Program Files\Git\usr\share\man;C:\Program Files\Git\usr\man;C:\Program Files\Git\share\man
# environment
VSCODE_AMD_ENTRYPOINT = vs/workbench/api/node/extensionHostProcess
# environment
HOME = C:\Users\siddh
# environment
VSCODE_CLI = 1
# environment
VSCODE_CODE_CACHE_PATH = C:\Users\siddh\AppData\Roaming\Code\CachedData\30d9c6cd9483b2cc586687151bcbcd635f373630
# environment
APPLICATION_INSIGHTS_NO_DIAGNOSTIC_CHANNEL = 1
# environment
COMMONPROGRAMFILES = C:\Program Files (x86)\Common Files
# environment
LOGONSERVER = \\SIDDHANTPRATEEK
# environment
ONEDRIVECONSUMER = C:\Users\siddh\OneDrive
# environment
VSCODE_HANDLES_UNCAUGHT_ERRORS = true
# environment
USERDOMAIN = SIDDHANTPRATEEK
# environment
HOSTNAME = siddhantprateek
# environment
MIC_LD_LIBRARY_PATH = C:\Program Files (x86)\Common Files\Intel\Shared Libraries\compiler\lib\mic
# environment
MAKELEVEL := 0
# environment
INTELLIJ IDEA COMMUNITY EDITION = C:\Program Files\JetBrains\IntelliJ IDEA Community Edition 2021.3.2\bin;
# default
MAKE = $(MAKE_COMMAND)
# default
MAKECMDGOALS := all
# environment
SHLVL = 2
# environment
ACLOCAL_PATH = C:\Program Files\Git\mingw64\share\aclocal;C:\Program Files\Git\usr\share\aclocal
# default
MAKE_VERSION := 3.82.90
# environment
MINGW_CHOST = x86_64-w64-mingw32
# makefile
.DEFAULT_GOAL := setup-ui
# environment
PROGRAMFILES(X86) = C:\Program Files (x86)
# automatic
%D = $(patsubst %/,%,$(patsubst %\,%,$(dir $%)))
# environment
LOCALAPPDATA = C:\Users\siddh\AppData\Local
# environment
PSMODULEPATH = %HomeDrive%%HomePath%\Documents\WindowsPowerShell\Modules;C:\Users\siddh\AppData\Local\Google\Cloud SDK\google-cloud-sdk\platform\PowerShell
# default
MAKE_COMMAND := make.exe
# environment
PROCESSOR_ARCHITEW6432 = AMD64
# default
.VARIABLES := 
# environment
TMPDIR = C:\Users\siddh\AppData\Local\Temp
# automatic
*F = $(notdir $*)
# environment
PROCESSOR_IDENTIFIER = AMD64 Family 25 Model 80 Stepping 0, AuthenticAMD
# environment
OS = Windows_NT
# environment
VSCODE_IPC_HOOK = \\.\pipe\0bab270a97677754e8eed5b5303870ab-1.68.1-main-sock
# environment
HOMEPATH = \Users\siddh
# environment
COMMONPROGRAMFILES(X86) = C:\Program Files (x86)\Common Files
# environment
PROMPT = $P$G
# environment
MFLAGS = -Rrqp
# automatic
*D = $(patsubst %/,%,$(patsubst %\,%,$(dir $*)))
# environment
ORIGINAL_TMP = C:/Users/siddh/AppData/Local/Temp
# environment
INTEL_DEV_REDIST = C:\Program Files (x86)\Common Files\Intel\Shared Libraries\
# environment
SYSTEMROOT = C:\WINDOWS
# automatic
+D = $(patsubst %/,%,$(patsubst %\,%,$(dir $+)))
# environment
MINGW_PREFIX = C:/Program Files/Git/mingw64
# environment
RVM_PREFIX = C:/Users/siddh
# automatic
+F = $(notdir $+)
# environment
APPDATA = C:\Users\siddh\AppData\Roaming
# environment
TEMP = C:\Users\siddh\AppData\Local\Temp
# environment
WT_PROFILE_ID = {2ece5bfe-50ed-5f3a-ab87-5cd4baafed2b}
# environment
COMSPEC = C:\WINDOWS\system32\cmd.exe
# environment
MSYSTEM = MINGW64
# default
MAKEFILES := 
# environment
PKG_CONFIG_PATH = C:\Program Files\Git\mingw64\lib\pkgconfig;C:\Program Files\Git\mingw64\share\pkgconfig
# automatic
<F = $(notdir $<)
# environment
RVM_BIN_PATH = C:/Users/siddh/.rvm/bin
# environment
ELECTRON_NO_ATTACH_CONSOLE = 1
# environment
DATAGRIP = C:\Program Files\JetBrains\DataGrip 2021.3.4\bin;
# automatic
^F = $(notdir $^)
# environment
RUBYMINE = C:\Program Files\JetBrains\RubyMine 2021.3.1\bin;
# default
SUFFIXES := 
# environment
SYSTEMDRIVE = C:
# environment
PROCESSOR_REVISION = 5000
# default
.INCLUDE_DIRS = C:/MinGW/include
# environment
VBOX_HWVIRTEX_IGNORE_SVM_IN_USE = 1
# default
.RECIPEPREFIX := 
# environment
LANG = C
# environment
PROCESSOR_LEVEL = 25
# environment
TERM = xterm-256color
# environment
VSCODE_PID = 58228
# environment
MINGW_PACKAGE_PREFIX = mingw-w64-x86_64
# environment
USERDOMAIN_ROAMINGPROFILE = SIDDHANTPRATEEK
# variable set hash-table stats:
# Load=140/1024=14%, Rehash=0, Collisions=17/159=11%

# Pattern-specific Variable Values

# No pattern-specific variable values.

# Directories

# C:\Program Files\Git\usr\bin (key C:/Program Files/Git/usr/bin, mtime 1643282649): 316 files, no impossibilities so far.
# . (key d:/Projects/netflux, mtime 1658764834): 22 files, no impossibilities.
# C:\Users\siddh\bin: could not be stat'd.
# C:\Program Files\Git\usr\local\bin: could not be stat'd.
# C:\Program Files\Git\mingw64\bin (key C:/Program Files/Git/mingw64/bin, mtime 1643282649): 109 files, no impossibilities.

# 447 files, no impossibilities in 5 directories.

# Implicit Rules

# No implicit rules.

# Files

# Not a target:
all:
#  Command line target.
#  Implicit rule search has been done.
#  File does not exist.
#  File has not been updated.

run-server:
#  Implicit rule search has not been done.
#  Modification time never checked.
#  File has not been updated.
#  recipe to execute (from 'Makefile', line 8):
	cd server; npm run start;

# Not a target:
.SUFFIXES:
#  Implicit rule search has not been done.
#  Modification time never checked.
#  File has not been updated.

# Not a target:
Makefile:
#  Implicit rule search has been done.
#  Last modified 2022-02-25 07:39:46
#  File has been updated.
#  Successfully updated.

run-ui:
#  Implicit rule search has not been done.
#  Modification time never checked.
#  File has not been updated.
#  recipe to execute (from 'Makefile', line 5):
	cd client; npm run start; 

# Not a target:
.DEFAULT:
#  Implicit rule search has not been done.
#  Modification time never checked.
#  File has not been updated.

setup-ui:
#  Implicit rule search has not been done.
#  Modification time never checked.
#  File has not been updated.
#  recipe to execute (from 'Makefile', line 2):
	cd client; npm i; cd ..;

# files hash-table stats:
# Load=7/1024=1%, Rehash=0, Collisions=0/17=0%
# VPATH Search Paths

# No 'vpath' search paths.

# No general ('VPATH' variable) search path.

# strcache buffers: 1 (0) / strings = 436 / storage = 5807 B / avg = 13 B
# current buf: size = 8174 B / used = 5807 B / count = 436 / avg = 13 B

# strcache performance: lookups = 464 / hit rate = 6%
# hash-table stats:
# Load=436/8192=5%, Rehash=0, Collisions=24/464=5%
# Finished Make data base on Mon Jul 25 21:30:44 2022

 
make.exe: *** No rule to make target 'all'.  Stop.

